<?xml version="1.0" encoding="UTF-8"?>
<testng-results ignored="0" total="1" passed="1" failed="0" skipped="0">
  <reporter-output>
  </reporter-output>
  <suite started-at="2023-04-19T17:35:49 IST" name="Default suite" finished-at="2023-04-19T17:35:54 IST" duration-ms="4434">
    <groups>
    </groups>
    <test started-at="2023-04-19T17:35:49 IST" name="Default test" finished-at="2023-04-19T17:35:54 IST" duration-ms="4434">
      <class name="shoppersstack_profilecard_Kiran.savecarddata">
        <test-method signature="createcard()[pri:0, instance:shoppersstack_profilecard_Kiran.savecarddata@71def8f8]" started-at="2023-04-19T17:35:49 IST" name="createcard" finished-at="2023-04-19T17:35:54 IST" duration-ms="4359" status="PASS">
          <reporter-output>
          </reporter-output>
        </test-method> <!-- createcard -->
      </class> <!-- shoppersstack_profilecard_Kiran.savecarddata -->
    </test> <!-- Default test -->
  </suite> <!-- Default suite -->
</testng-results>
